mobile/android/app/build/intermediates/manifest_merge_blame_file/debug/processDebugMainManifest/manifest-merger-blame-debug-report.txt
1<?xml version="1.0" encoding="utf-8"?>
2<manifest xmlns:android="http://schemas.android.com/apk/res/android"
3    package="com.aitutormobile"
4    android:versionCode="1"
5    android:versionName="1.0" >
6
7    <uses-sdk
8        android:minSdkVersion="24"
9        android:targetSdkVersion="35" />
10
11    <uses-permission android:name="android.permission.INTERNET" />
11-->src\main\AndroidManifest.xml:4:5-67
11-->src\main\AndroidManifest.xml:4:22-64
12    <uses-permission
12-->src\main\AndroidManifest.xml:5:5-7:38
13        android:name="android.permission.READ_EXTERNAL_STORAGE"
13-->src\main\AndroidManifest.xml:6:9-64
14        android:maxSdkVersion="32" />
14-->src\main\AndroidManifest.xml:7:9-35
15    <uses-permission android:name="android.permission.READ_MEDIA_IMAGES" />
15-->src\main\AndroidManifest.xml:8:5-76
15-->src\main\AndroidManifest.xml:8:22-73
16    <!--
17    This manifest file is used only by Gradle to configure debug-only capabilities
18    for React Native Apps.
19    -->
20    <uses-permission android:name="android.permission.SYSTEM_ALERT_WINDOW" />
20-->[com.facebook.react:react-android:0.76.5] AndroidManifest.xml:16:5-78
20-->[com.facebook.react:react-android:0.76.5] AndroidManifest.xml:16:22-75
21    <uses-permission android:name="android.permission.ACCESS_NETWORK_STATE" />
21-->[androidx.media3:media3-common:1.8.0] AndroidManifest.xml:22:5-79
21-->[androidx.media3:media3-common:1.8.0] AndroidManifest.xml:22:22-76
22
23    <permission
23-->[androidx.core:core:1.16.0] AndroidManifest.xml:22:5-24:47
24        android:name="com.aitutormobile.DYNAMIC_RECEIVER_NOT_EXPORTED_PERMISSION"
24-->[androidx.core:core:1.16.0] AndroidManifest.xml:23:9-81
25        android:protectionLevel="signature" />
25-->[androidx.core:core:1.16.0] AndroidManifest.xml:24:9-44
26
27    <uses-permission android:name="com.aitutormobile.DYNAMIC_RECEIVER_NOT_EXPORTED_PERMISSION" />
27-->[androidx.core:core:1.16.0] AndroidManifest.xml:26:5-97
27-->[androidx.core:core:1.16.0] AndroidManifest.xml:26:22-94
28
29    <application
29-->src\main\AndroidManifest.xml:10:5-30:19
30        android:name="com.aitutormobile.MainApplication"
30-->src\main\AndroidManifest.xml:11:9-40
31        android:allowBackup="false"
31-->src\main\AndroidManifest.xml:15:9-36
32        android:appComponentFactory="androidx.core.app.CoreComponentFactory"
32-->[androidx.core:core:1.16.0] AndroidManifest.xml:28:18-86
33        android:debuggable="true"
34        android:extractNativeLibs="true"
35        android:icon="@mipmap/ic_launcher"
35-->src\main\AndroidManifest.xml:13:9-43
36        android:label="@string/app_name"
36-->src\main\AndroidManifest.xml:12:9-41
37        android:roundIcon="@mipmap/ic_launcher_round"
37-->src\main\AndroidManifest.xml:14:9-54
38        android:theme="@style/AppTheme"
38-->src\main\AndroidManifest.xml:16:9-40
39        android:usesCleartextTraffic="true" >
39-->src\main\AndroidManifest.xml:17:9-44
40        <activity
40-->src\main\AndroidManifest.xml:18:9-29:20
41            android:name="com.aitutormobile.MainActivity"
41-->src\main\AndroidManifest.xml:19:13-41
42            android:configChanges="keyboard|keyboardHidden|orientation|screenLayout|screenSize|smallestScreenSize|uiMode"
42-->src\main\AndroidManifest.xml:21:13-122
43            android:exported="true"
43-->src\main\AndroidManifest.xml:24:13-36
44            android:label="@string/app_name"
44-->src\main\AndroidManifest.xml:20:13-45
45            android:launchMode="singleTask"
45-->src\main\AndroidManifest.xml:22:13-44
46            android:windowSoftInputMode="adjustResize" >
46-->src\main\AndroidManifest.xml:23:13-55
47            <intent-filter>
47-->src\main\AndroidManifest.xml:25:13-28:29
48                <action android:name="android.intent.action.MAIN" />
48-->src\main\AndroidManifest.xml:26:17-69
48-->src\main\AndroidManifest.xml:26:25-66
49
50                <category android:name="android.intent.category.LAUNCHER" />
50-->src\main\AndroidManifest.xml:27:17-77
50-->src\main\AndroidManifest.xml:27:27-74
51            </intent-filter>
52        </activity>
53
54        <provider
54-->[:react-native-image-picker] AndroidManifest.xml:8:9-16:20
55            android:name="com.imagepicker.ImagePickerProvider"
55-->[:react-native-image-picker] AndroidManifest.xml:9:13-63
56            android:authorities="com.aitutormobile.imagepickerprovider"
56-->[:react-native-image-picker] AndroidManifest.xml:10:13-71
57            android:exported="false"
57-->[:react-native-image-picker] AndroidManifest.xml:11:13-37
58            android:grantUriPermissions="true" >
58-->[:react-native-image-picker] AndroidManifest.xml:12:13-47
59            <meta-data
59-->[:react-native-image-picker] AndroidManifest.xml:13:13-15:70
60                android:name="android.support.FILE_PROVIDER_PATHS"
60-->[:react-native-image-picker] AndroidManifest.xml:14:17-67
61                android:resource="@xml/imagepicker_provider_paths" />
61-->[:react-native-image-picker] AndroidManifest.xml:15:17-67
62        </provider>
63
64        <activity
64-->[com.facebook.react:react-android:0.76.5] AndroidManifest.xml:19:9-21:40
65            android:name="com.facebook.react.devsupport.DevSettingsActivity"
65-->[com.facebook.react:react-android:0.76.5] AndroidManifest.xml:20:13-77
66            android:exported="false" />
66-->[com.facebook.react:react-android:0.76.5] AndroidManifest.xml:21:13-37
67
68        <provider
68-->[androidx.emoji2:emoji2:1.2.0] AndroidManifest.xml:24:9-32:20
69            android:name="androidx.startup.InitializationProvider"
69-->[androidx.emoji2:emoji2:1.2.0] AndroidManifest.xml:25:13-67
70            android:authorities="com.aitutormobile.androidx-startup"
70-->[androidx.emoji2:emoji2:1.2.0] AndroidManifest.xml:26:13-68
71            android:exported="false" >
71-->[androidx.emoji2:emoji2:1.2.0] AndroidManifest.xml:27:13-37
72            <meta-data
72-->[androidx.emoji2:emoji2:1.2.0] AndroidManifest.xml:29:13-31:52
73                android:name="androidx.emoji2.text.EmojiCompatInitializer"
73-->[androidx.emoji2:emoji2:1.2.0] AndroidManifest.xml:30:17-75
74                android:value="androidx.startup" />
74-->[androidx.emoji2:emoji2:1.2.0] AndroidManifest.xml:31:17-49
75            <meta-data
75-->[androidx.lifecycle:lifecycle-process:2.6.2] AndroidManifest.xml:29:13-31:52
76                android:name="androidx.lifecycle.ProcessLifecycleInitializer"
76-->[androidx.lifecycle:lifecycle-process:2.6.2] AndroidManifest.xml:30:17-78
77                android:value="androidx.startup" />
77-->[androidx.lifecycle:lifecycle-process:2.6.2] AndroidManifest.xml:31:17-49
78            <meta-data
78-->[androidx.profileinstaller:profileinstaller:1.3.1] AndroidManifest.xml:29:13-31:52
79                android:name="androidx.profileinstaller.ProfileInstallerInitializer"
79-->[androidx.profileinstaller:profileinstaller:1.3.1] AndroidManifest.xml:30:17-85
80                android:value="androidx.startup" />
80-->[androidx.profileinstaller:profileinstaller:1.3.1] AndroidManifest.xml:31:17-49
81        </provider>
82
83        <receiver
83-->[androidx.profileinstaller:profileinstaller:1.3.1] AndroidManifest.xml:34:9-52:20
84            android:name="androidx.profileinstaller.ProfileInstallReceiver"
84-->[androidx.profileinstaller:profileinstaller:1.3.1] AndroidManifest.xml:35:13-76
85            android:directBootAware="false"
85-->[androidx.profileinstaller:profileinstaller:1.3.1] AndroidManifest.xml:36:13-44
86            android:enabled="true"
86-->[androidx.profileinstaller:profileinstaller:1.3.1] AndroidManifest.xml:37:13-35
87            android:exported="true"
87-->[androidx.profileinstaller:profileinstaller:1.3.1] AndroidManifest.xml:38:13-36
88            android:permission="android.permission.DUMP" >
88-->[androidx.profileinstaller:profileinstaller:1.3.1] AndroidManifest.xml:39:13-57
89            <intent-filter>
89-->[androidx.profileinstaller:profileinstaller:1.3.1] AndroidManifest.xml:40:13-42:29
90                <action android:name="androidx.profileinstaller.action.INSTALL_PROFILE" />
90-->[androidx.profileinstaller:profileinstaller:1.3.1] AndroidManifest.xml:41:17-91
90-->[androidx.profileinstaller:profileinstaller:1.3.1] AndroidManifest.xml:41:25-88
91            </intent-filter>
92            <intent-filter>
92-->[androidx.profileinstaller:profileinstaller:1.3.1] AndroidManifest.xml:43:13-45:29
93                <action android:name="androidx.profileinstaller.action.SKIP_FILE" />
93-->[androidx.profileinstaller:profileinstaller:1.3.1] AndroidManifest.xml:44:17-85
93-->[androidx.profileinstaller:profileinstaller:1.3.1] AndroidManifest.xml:44:25-82
94            </intent-filter>
95            <intent-filter>
95-->[androidx.profileinstaller:profileinstaller:1.3.1] AndroidManifest.xml:46:13-48:29
96                <action android:name="androidx.profileinstaller.action.SAVE_PROFILE" />
96-->[androidx.profileinstaller:profileinstaller:1.3.1] AndroidManifest.xml:47:17-88
96-->[androidx.profileinstaller:profileinstaller:1.3.1] AndroidManifest.xml:47:25-85
97            </intent-filter>
98            <intent-filter>
98-->[androidx.profileinstaller:profileinstaller:1.3.1] AndroidManifest.xml:49:13-51:29
99                <action android:name="androidx.profileinstaller.action.BENCHMARK_OPERATION" />
99-->[androidx.profileinstaller:profileinstaller:1.3.1] AndroidManifest.xml:50:17-95
99-->[androidx.profileinstaller:profileinstaller:1.3.1] AndroidManifest.xml:50:25-92
100            </intent-filter>
101        </receiver>
102
103        <meta-data
103-->[com.facebook.soloader:soloader:0.12.1] AndroidManifest.xml:12:9-14:37
104            android:name="com.facebook.soloader.enabled"
104-->[com.facebook.soloader:soloader:0.12.1] AndroidManifest.xml:13:13-57
105            android:value="false" />
105-->[com.facebook.soloader:soloader:0.12.1] AndroidManifest.xml:14:13-34
106    </application>
107
108</manifest>